<?xml version="1.0" encoding="UTF-8"?>
<!-- Generated by org.testng.reporters.JUnitXMLReporter -->
<testsuite ignored="0" hostname="DESKTOP-NQN5Q3S" failures="0" tests="4" name="Default test" time="79.818" errors="0" timestamp="2022-03-09T12:57:10 IST">
  <testcase classname="testPackage.TestClass1" name="Customer_Enroll" time="10.856"/>
  <testcase classname="testPackage.TestClass1" name="Select_plan" time="19.356"/>
  <testcase classname="testPackage.TestClass1" name="Reenter_Name" time="4.416"/>
  <testcase classname="testPackage.TestClass1" name="Payment" time="9.228"/>
</testsuite> <!-- Default test -->
