<?xml version="1.0" encoding="UTF-8"?>
<testng-results ignored="0" total="4" passed="4" failed="0" skipped="0">
  <reporter-output>
  </reporter-output>
  <suite started-at="2022-03-09T12:55:51 IST" name="Default suite" finished-at="2022-03-09T12:57:10 IST" duration-ms="79818">
    <groups>
    </groups>
    <test started-at="2022-03-09T12:55:51 IST" name="Default test" finished-at="2022-03-09T12:57:10 IST" duration-ms="79818">
      <class name="testPackage.TestClass1">
        <test-method is-config="true" signature="extentReports()[pri:0, instance:testPackage.TestClass1@38145825]" started-at="2022-03-09T12:55:50 IST" name="extentReports" finished-at="2022-03-09T12:55:51 IST" duration-ms="748" status="PASS">
          <reporter-output>
          </reporter-output>
        </test-method> <!-- extentReports -->
        <test-method is-config="true" signature="chromelaunch()[pri:0, instance:testPackage.TestClass1@38145825]" started-at="2022-03-09T12:55:51 IST" name="chromelaunch" finished-at="2022-03-09T12:56:16 IST" duration-ms="25425" status="PASS">
          <reporter-output>
          </reporter-output>
        </test-method> <!-- chromelaunch -->
        <test-method signature="Customer_Enroll(java.lang.String,java.lang.String,java.lang.String,java.lang.String)[pri:1, instance:testPackage.TestClass1@38145825]" started-at="2022-03-09T12:56:21 IST" name="Customer_Enroll" data-provider="Enroll_Names" finished-at="2022-03-09T12:56:31 IST" duration-ms="10856" status="PASS">
          <params>
            <param index="0">
              <value>
                <![CDATA[Demon]]>
              </value>
            </param>
            <param index="1">
              <value>
                <![CDATA[S]]>
              </value>
            </param>
            <param index="2">
              <value>
                <![CDATA[Demon456@gmail.com]]>
              </value>
            </param>
            <param index="3">
              <value>
                <![CDATA[10211990]]>
              </value>
            </param>
          </params>
          <reporter-output>
          </reporter-output>
        </test-method> <!-- Customer_Enroll -->
        <test-method is-config="true" signature="getResult(org.testng.ITestResult)[pri:0, instance:testPackage.TestClass1@38145825]" started-at="2022-03-09T12:56:31 IST" name="getResult" finished-at="2022-03-09T12:56:33 IST" duration-ms="1149" status="PASS">
          <params>
            <param index="0">
              <value>
                <![CDATA[[TestResult name=Customer_Enroll status=SUCCESS method=TestClass1.Customer_Enroll(java.lang.String,java.lang.String,java.lang.String,java.lang.String)[pri:1, instance:testPackage.TestClass1@38145825] output={null}]]]>
              </value>
            </param>
          </params>
          <reporter-output>
          </reporter-output>
        </test-method> <!-- getResult -->
        <test-method signature="Select_plan(java.lang.String,java.lang.String,java.lang.String)[pri:2, instance:testPackage.TestClass1@38145825]" started-at="2022-03-09T12:56:33 IST" name="Select_plan" data-provider="Slct_plan" finished-at="2022-03-09T12:56:52 IST" depends-on-methods="testPackage.TestClass1.Customer_Enroll" duration-ms="19356" status="PASS">
          <params>
            <param index="0">
              <value>
                <![CDATA[JKL Appartments]]>
              </value>
            </param>
            <param index="1">
              <value>
                <![CDATA[Los Angeles]]>
              </value>
            </param>
            <param index="2">
              <value>
                <![CDATA[90005.0]]>
              </value>
            </param>
          </params>
          <reporter-output>
          </reporter-output>
        </test-method> <!-- Select_plan -->
        <test-method is-config="true" signature="getResult(org.testng.ITestResult)[pri:0, instance:testPackage.TestClass1@38145825]" started-at="2022-03-09T12:56:52 IST" name="getResult" finished-at="2022-03-09T12:56:53 IST" duration-ms="1063" status="PASS">
          <params>
            <param index="0">
              <value>
                <![CDATA[[TestResult name=Select_plan status=SUCCESS method=TestClass1.Select_plan(java.lang.String,java.lang.String,java.lang.String)[pri:2, instance:testPackage.TestClass1@38145825] output={null}]]]>
              </value>
            </param>
          </params>
          <reporter-output>
          </reporter-output>
        </test-method> <!-- getResult -->
        <test-method signature="Reenter_Name(java.lang.String,java.lang.String,java.lang.String,java.lang.String)[pri:3, instance:testPackage.TestClass1@38145825]" started-at="2022-03-09T12:56:53 IST" name="Reenter_Name" data-provider="Re-enter_Customer_data" finished-at="2022-03-09T12:56:58 IST" depends-on-methods="testPackage.TestClass1.Select_plan" duration-ms="4416" status="PASS">
          <params>
            <param index="0">
              <value>
                <![CDATA[Demon]]>
              </value>
            </param>
            <param index="1">
              <value>
                <![CDATA[S]]>
              </value>
            </param>
            <param index="2">
              <value>
                <![CDATA[Demon456@gmail.com]]>
              </value>
            </param>
            <param index="3">
              <value>
                <![CDATA[10211990]]>
              </value>
            </param>
          </params>
          <reporter-output>
          </reporter-output>
        </test-method> <!-- Reenter_Name -->
        <test-method is-config="true" signature="getResult(org.testng.ITestResult)[pri:0, instance:testPackage.TestClass1@38145825]" started-at="2022-03-09T12:56:58 IST" name="getResult" finished-at="2022-03-09T12:56:58 IST" duration-ms="562" status="PASS">
          <params>
            <param index="0">
              <value>
                <![CDATA[[TestResult name=Reenter_Name status=SUCCESS method=TestClass1.Reenter_Name(java.lang.String,java.lang.String,java.lang.String,java.lang.String)[pri:3, instance:testPackage.TestClass1@38145825] output={null}]]]>
              </value>
            </param>
          </params>
          <reporter-output>
          </reporter-output>
        </test-method> <!-- getResult -->
        <test-method signature="Payment(java.lang.String,java.lang.String,java.lang.String,java.lang.String)[pri:4, instance:testPackage.TestClass1@38145825]" started-at="2022-03-09T12:56:58 IST" name="Payment" data-provider="Account_Payment_data" finished-at="2022-03-09T12:57:07 IST" depends-on-methods="testPackage.TestClass1.Reenter_Name" duration-ms="9228" status="PASS">
          <params>
            <param index="0">
              <value>
                <![CDATA[Demon]]>
              </value>
            </param>
            <param index="1">
              <value>
                <![CDATA[S]]>
              </value>
            </param>
            <param index="2">
              <value>
                <![CDATA[Demon456@gmail.com]]>
              </value>
            </param>
            <param index="3">
              <value>
                <![CDATA[10211990]]>
              </value>
            </param>
          </params>
          <reporter-output>
          </reporter-output>
        </test-method> <!-- Payment -->
        <test-method is-config="true" signature="getResult(org.testng.ITestResult)[pri:0, instance:testPackage.TestClass1@38145825]" started-at="2022-03-09T12:57:07 IST" name="getResult" finished-at="2022-03-09T12:57:08 IST" duration-ms="386" status="PASS">
          <params>
            <param index="0">
              <value>
                <![CDATA[[TestResult name=Payment status=SUCCESS method=TestClass1.Payment(java.lang.String,java.lang.String,java.lang.String,java.lang.String)[pri:4, instance:testPackage.TestClass1@38145825] output={null}]]]>
              </value>
            </param>
          </params>
          <reporter-output>
          </reporter-output>
        </test-method> <!-- getResult -->
        <test-method is-config="true" signature="driverclose()[pri:0, instance:testPackage.TestClass1@38145825]" started-at="2022-03-09T12:57:08 IST" name="driverclose" finished-at="2022-03-09T12:57:10 IST" duration-ms="2568" status="PASS">
          <reporter-output>
          </reporter-output>
        </test-method> <!-- driverclose -->
      </class> <!-- testPackage.TestClass1 -->
    </test> <!-- Default test -->
  </suite> <!-- Default suite -->
</testng-results>
