<?xml version="1.0" encoding="UTF-8"?>
<!-- Generated by org.testng.reporters.JUnitXMLReporter -->
<testsuite ignored="0" hostname="DESKTOP-NQN5Q3S" failures="1" tests="4" name="Guardian" time="161.214" errors="0" timestamp="2022-02-24T11:02:32 IST">
  <testcase classname="testPackage.TestClass1" name="Customer_Enroll" time="13.479"/>
  <testcase classname="testPackage.TestClass1" name="Select_plan" time="17.675">
    <failure type="java.lang.AssertionError" message="PlanPageTitle as Expected expected [Guardian Direct Insurance | Dental, Vision, Accident, Critical Illness &amp;amp; Pet] but found []">
      <![CDATA[java.lang.AssertionError: PlanPageTitle as Expected expected [Guardian Direct Insurance | Dental, Vision, Accident, Critical Illness & Pet] but found []
at pageObjectRepository.PlanObject.Select_plan(PlanObject.java:82)
at testPackage.TestClass1.Select_plan(TestClass1.java:25)
at java.base/java.util.ArrayList.forEach(ArrayList.java:1511)
... Removed 32 stack frames]]>
    </failure>
  </testcase> <!-- Select_plan -->
  <testcase classname="testPackage.TestClass1" name="Reenter_Name" time="0.0">
    <skipped/>
  </testcase> <!-- Reenter_Name -->
  <testcase classname="testPackage.TestClass1" name="Payment" time="0.0">
    <skipped/>
  </testcase> <!-- Payment -->
</testsuite> <!-- Guardian -->
